2009.08.20 15:21 B D:\Nueva carpeta\AppServ\www\consuelo\admin\functions\conect.php <-- beta.serv.net.mx /consuelo/admin/functions conect.php
2009.08.20 15:21 B D:\Nueva carpeta\AppServ\www\consuelo\admin\functions\config.php <-- beta.serv.net.mx /consuelo/admin/functions config.php
2009.08.20 15:21 B D:\Nueva carpeta\AppServ\www\consuelo\admin\functions\gestion_errores.php <-- beta.serv.net.mx /consuelo/admin/functions gestion_errores.php
2009.08.20 15:21 B D:\Nueva carpeta\AppServ\www\consuelo\admin\functions\index.php <-- beta.serv.net.mx /consuelo/admin/functions index.php
2009.08.20 15:27 B D:\Nueva carpeta\AppServ\www\consuelo\admin\functions\gestion_errores.php --> www.consueloduval.com.mx /admin/functions gestion_errores.php
2009.08.20 15:27 B D:\Nueva carpeta\AppServ\www\consuelo\admin\functions\index.php --> www.consueloduval.com.mx /admin/functions index.php
2009.08.20 15:27 B D:\Nueva carpeta\AppServ\www\consuelo\admin\functions\WS_FTP.LOG --> www.consueloduval.com.mx /admin/functions WS_FTP.LOG
2009.08.20 15:27 B D:\Nueva carpeta\AppServ\www\consuelo\admin\functions\config.php --> www.consueloduval.com.mx /admin/functions config.php
2009.08.20 15:27 B D:\Nueva carpeta\AppServ\www\consuelo\admin\functions\conect.php --> www.consueloduval.com.mx /admin/functions conect.php
2009.08.25 18:52 B D:\Nueva carpeta\AppServ\www\consuelo\admin\functions\conect.php --> www.consueloduval.com.mx /admin/functions conect.php
2009.08.25 18:54 B D:\Nueva carpeta\AppServ\www\consuelo\admin\functions\conect.php --> www.consueloduval.com.mx /admin/functions conect.php
2009.08.25 18:56 B D:\Nueva carpeta\AppServ\www\consuelo\admin\functions\conect.php --> www.consueloduval.com.mx /admin/functions conect.php
2009.08.25 18:57 B D:\Nueva carpeta\AppServ\www\consuelo\admin\functions\conect.php --> www.consueloduval.com.mx /admin/functions conect.php
2009.08.25 18:58 B D:\Nueva carpeta\AppServ\www\consuelo\admin\functions\conect.php --> www.consueloduval.com.mx /admin/functions conect.php
2009.08.25 19:03 B D:\Nueva carpeta\AppServ\www\consuelo\admin\functions\conect.php --> www.consueloduval.com.mx /admin/functions conect.php
2009.08.25 19:10 B D:\Nueva carpeta\AppServ\www\consuelo\admin\functions\conect.php --> www.consueloduval.com.mx /admin/functions conect.php
2009.08.25 19:11 B D:\Nueva carpeta\AppServ\www\consuelo\admin\functions\conect.php --> www.consueloduval.com.mx /admin/functions conect.php
2009.09.02 18:29 B D:\Nueva carpeta\AppServ\www\poder2\web\admin\functions\config.php --> beta.serv.net.mx /poder/admin/functions config.php
2009.09.02 18:29 B D:\Nueva carpeta\AppServ\www\poder2\web\admin\functions\conect.php --> beta.serv.net.mx /poder/admin/functions conect.php
2009.09.02 18:29 B D:\Nueva carpeta\AppServ\www\poder2\web\admin\functions\index.php --> beta.serv.net.mx /poder/admin/functions index.php
2009.09.02 18:29 B D:\Nueva carpeta\AppServ\www\poder2\web\admin\functions\WS_FTP.LOG --> beta.serv.net.mx /poder/admin/functions WS_FTP.LOG
2009.09.02 18:29 B D:\Nueva carpeta\AppServ\www\poder2\web\admin\functions\gestion_errores.php --> beta.serv.net.mx /poder/admin/functions gestion_errores.php
2009.09.02 18:32 B D:\Nueva carpeta\AppServ\www\poder2\web\admin\functions\config.php --> beta.serv.net.mx /poder/admin/functions config.php
2009.09.02 18:32 B D:\Nueva carpeta\AppServ\www\poder2\web\admin\functions\config.php --> beta.serv.net.mx /poder/admin/functions config.php
2009.09.03 11:31 B D:\Nueva carpeta\AppServ\www\poder2\web\admin\functions\conect.php --> beta.serv.net.mx /poder/admin/functions conect.php
2009.09.03 11:35 B D:\Nueva carpeta\AppServ\www\poder2\web\admin\functions\conect.php --> beta.serv.net.mx /poder/admin/functions conect.php
2009.09.07 18:21 B D:\Nueva carpeta\AppServ\www\poder2\web\admin\functions\gestion_errores.php --> beta.serv.net.mx /poder/admin/functions gestion_errores.php
2009.09.07 18:21 B D:\Nueva carpeta\AppServ\www\poder2\web\admin\functions\conect.php --> beta.serv.net.mx /poder/admin/functions conect.php
2009.09.08 16:25 B D:\Nueva carpeta\AppServ\www\poder2\web\admin\functions\conect.php --> beta.serv.net.mx /poder/admin/functions conect.php
2009.09.08 16:25 B D:\Nueva carpeta\AppServ\www\poder2\web\admin\functions\conect.php --> beta.serv.net.mx /poder/admin/functions conect.php
2009.09.08 16:36 B D:\Nueva carpeta\AppServ\www\poder2\web\admin\functions\conect.php --> beta.serv.net.mx /poder/admin/functions conect.php
2009.09.09 18:08 B D:\Nueva carpeta\AppServ\www\poder2\web\admin\functions\config.php --> 200.57.70.19 /poder/admin/functions config.php
2009.09.09 18:12 B D:\Nueva carpeta\AppServ\www\poder2\web\admin\functions\config.php --> 200.57.70.19 /poder/admin/functions config.php
2009.09.09 18:14 B D:\Nueva carpeta\AppServ\www\poder2\web\admin\functions\conect.php --> 200.57.70.19 /poder/admin/functions conect.php
2009.09.09 18:25 B D:\Nueva carpeta\AppServ\www\poder2\web\admin\functions\config.php --> 200.57.70.19 /poder/admin/functions config.php
2009.09.10 14:06 B D:\Nueva carpeta\AppServ\www\poder2\web\admin\functions\conect.php --> beta.serv.net.mx /poder/admin/functions conect.php
2009.09.10 14:16 B D:\Nueva carpeta\AppServ\www\poder2\web\admin\functions\conect.php --> beta.serv.net.mx /poder/admin/functions conect.php
2009.09.10 14:16 B D:\Nueva carpeta\AppServ\www\poder2\web\admin\functions\conect.php --> beta.serv.net.mx /poder/admin/functions conect.php
2009.09.10 14:17 B D:\Nueva carpeta\AppServ\www\poder2\web\admin\functions\conect.php --> beta.serv.net.mx /poder/admin/functions conect.php
2009.09.10 14:18 B D:\Nueva carpeta\AppServ\www\poder2\web\admin\functions\conect.php --> beta.serv.net.mx /poder/admin/functions conect.php
2009.09.10 14:19 B D:\Nueva carpeta\AppServ\www\poder2\web\admin\functions\conect.php --> beta.serv.net.mx /poder/admin/functions conect.php
2009.09.10 14:19 B D:\Nueva carpeta\AppServ\www\poder2\web\admin\functions\conect.php --> beta.serv.net.mx /poder/admin/functions conect.php
2009.09.10 14:19 B D:\Nueva carpeta\AppServ\www\poder2\web\admin\functions\conect.php --> beta.serv.net.mx /poder/admin/functions conect.php
2009.09.15 13:50 B D:\Nueva carpeta\AppServ\www\jbespecialistas\admin\functions\conect.php --> 200.57.70.19 /jbsoluciones/admin/functions conect.php
2009.09.15 13:50 B D:\Nueva carpeta\AppServ\www\jbespecialistas\admin\functions\config.php --> 200.57.70.19 /jbsoluciones/admin/functions config.php
2009.09.15 13:50 B D:\Nueva carpeta\AppServ\www\jbespecialistas\admin\functions\index.php --> 200.57.70.19 /jbsoluciones/admin/functions index.php
2009.09.15 13:50 B D:\Nueva carpeta\AppServ\www\jbespecialistas\admin\functions\WS_FTP.LOG --> 200.57.70.19 /jbsoluciones/admin/functions WS_FTP.LOG
2009.09.15 13:50 B D:\Nueva carpeta\AppServ\www\jbespecialistas\admin\functions\gestion_errores.php --> 200.57.70.19 /jbsoluciones/admin/functions gestion_errores.php
2009.10.06 18:57 B D:\Nueva carpeta\AppServ\www\quimix\admin\functions\conect.php --> 200.57.70.19 /quimix/admin/functions conect.php
2009.10.06 18:57 B D:\Nueva carpeta\AppServ\www\quimix\admin\functions\config.php --> 200.57.70.19 /quimix/admin/functions config.php
2009.10.06 18:57 B D:\Nueva carpeta\AppServ\www\quimix\admin\functions\index.php --> 200.57.70.19 /quimix/admin/functions index.php
2009.10.06 18:57 B D:\Nueva carpeta\AppServ\www\quimix\admin\functions\WS_FTP.LOG --> 200.57.70.19 /quimix/admin/functions WS_FTP.LOG
2009.10.06 18:57 B D:\Nueva carpeta\AppServ\www\quimix\admin\functions\gestion_errores.php --> 200.57.70.19 /quimix/admin/functions gestion_errores.php
2009.10.07 12:36 B D:\Nueva carpeta\AppServ\www\quimix\admin\functions\config.php --> 200.57.70.19 /quimix/admin/functions config.php
2009.10.09 18:50 B D:\Nueva carpeta\AppServ\www\quimix\admin\functions\gestion_errores.php --> 200.57.70.19 /quimix/admin/functions gestion_errores.php
2009.10.15 17:11 B D:\Nueva carpeta\AppServ\www\quimix\admin\functions\config.php --> 200.57.70.19 /quimix/admin/functions config.php
2009.10.15 17:34 B D:\Nueva carpeta\AppServ\www\quimix\admin\functions\config.php --> 200.57.70.19 /quimix/admin/functions config.php
2009.10.15 19:10 B D:\Nueva carpeta\AppServ\www\quimix\admin\functions\conect.php --> 200.57.70.19 /quimix/admin/functions conect.php
2009.10.15 19:11 B D:\Nueva carpeta\AppServ\www\quimix\admin\functions\conect.php --> 200.57.70.19 /quimix/admin/functions conect.php
2009.11.06 17:35 B D:\Nueva carpeta\AppServ\www\quimix\admin\functions\config.php --> 200.57.70.19 /bellgroup/admin/functions config.php
2009.11.06 17:35 B D:\Nueva carpeta\AppServ\www\quimix\admin\functions\config.php --> 200.57.70.19 /bellgroup/admin/functions config.php
2009.11.27 17:26 B D:\Nueva carpeta\AppServ\www\quimix\admin\functions\gestion_errores.php --> beta.serv.net.mx /quimix/admin/functions gestion_errores.php
2009.11.27 18:14 B D:\Nueva carpeta\AppServ\www\quimix\admin\functions\conect.php --> beta.serv.net.mx /quimix/admin/functions conect.php
2009.11.27 18:14 B D:\Nueva carpeta\AppServ\www\quimix\admin\functions\conect.php --> beta.serv.net.mx /quimix/admin/functions conect.php
2009.11.27 18:17 B D:\Nueva carpeta\AppServ\www\quimix\admin\functions\conect.php --> beta.serv.net.mx /quimix/admin/functions conect.php
2009.11.27 18:18 B D:\Nueva carpeta\AppServ\www\quimix\admin\functions\conect.php --> beta.serv.net.mx /quimix/admin/functions conect.php
2009.11.27 18:37 B D:\Nueva carpeta\AppServ\www\quimix\admin\functions\conect.php --> beta.serv.net.mx /quimix/admin/functions conect.php
2009.12.04 16:56 B D:\Nueva carpeta\AppServ\www\cyl\admin\functions\config.php --> beta.serv.net.mx /cyl/admin/functions config.php
2009.12.04 16:56 B D:\Nueva carpeta\AppServ\www\cyl\admin\functions\conect.php --> beta.serv.net.mx /cyl/admin/functions conect.php
2009.12.04 16:56 B D:\Nueva carpeta\AppServ\www\cyl\admin\functions\index.php --> beta.serv.net.mx /cyl/admin/functions index.php
2009.12.04 16:56 B D:\Nueva carpeta\AppServ\www\cyl\admin\functions\WS_FTP.LOG --> beta.serv.net.mx /cyl/admin/functions WS_FTP.LOG
2009.12.04 16:56 B D:\Nueva carpeta\AppServ\www\cyl\admin\functions\gestion_errores.php --> beta.serv.net.mx /cyl/admin/functions gestion_errores.php
2009.12.10 18:31 B D:\Nueva carpeta\AppServ\www\cyl\admin\functions\gestion_errores.php --> beta.serv.net.mx /cyl/admin/functions gestion_errores.php
2009.12.14 13:11 B D:\Nueva carpeta\AppServ\www\cyl\admin\functions\gestion_errores.php --> beta.serv.net.mx /cyl/admin/functions gestion_errores.php
2009.12.14 13:13 B D:\Nueva carpeta\AppServ\www\cyl\admin\functions\gestion_errores.php --> beta.serv.net.mx /cyl/admin/functions gestion_errores.php
2009.12.14 15:17 B D:\Nueva carpeta\AppServ\www\cyl\admin\functions\config.php --> beta.serv.net.mx /cyl/admin/functions config.php
2009.12.14 15:19 B D:\Nueva carpeta\AppServ\www\cyl\admin\functions\config.php --> beta.serv.net.mx /cyl/admin/functions config.php
2009.12.14 16:48 B D:\Nueva carpeta\AppServ\www\cyl\admin\functions\conect.php --> beta.serv.net.mx /cyl/admin/functions conect.php
2009.12.21 13:55 B D:\Nueva carpeta\AppServ\www\atencion2\admin\functions\index.php --> beta.serv.net.mx /atencion/admin/functions index.php
2009.12.21 13:55 B D:\Nueva carpeta\AppServ\www\atencion2\admin\functions\conect.php --> beta.serv.net.mx /atencion/admin/functions conect.php
2009.12.21 13:55 B D:\Nueva carpeta\AppServ\www\atencion2\admin\functions\config.php --> beta.serv.net.mx /atencion/admin/functions config.php
2010.02.03 18:05 B D:\Nueva carpeta\AppServ\www\atencion2\admin\functions\WS_FTP.LOG <-- beta.serv.net.mx /atencion/admin/functions WS_FTP.LOG
2010.02.05 13:04 B D:\Nueva carpeta\AppServ\www\atencion2\admin\functions\config.php --> www.atencion.com.mx /public_html/admin/functions config.php
2010.02.05 13:04 B D:\Nueva carpeta\AppServ\www\atencion2\admin\functions\conect.php --> www.atencion.com.mx /public_html/admin/functions conect.php
2010.02.05 13:04 B D:\Nueva carpeta\AppServ\www\atencion2\admin\functions\WS_FTP.LOG --> www.atencion.com.mx /public_html/admin/functions WS_FTP.LOG
2010.02.05 13:04 B D:\Nueva carpeta\AppServ\www\atencion2\admin\functions\gestion_errores.php --> www.atencion.com.mx /public_html/admin/functions gestion_errores.php
2010.02.05 13:04 B D:\Nueva carpeta\AppServ\www\atencion2\admin\functions\index.php --> www.atencion.com.mx /public_html/admin/functions index.php
2010.04.15 12:46 B D:\Nueva carpeta\AppServ\www\atencion2\admin\functions\conect.php <-- atencion /public_html/admin/functions conect.php
2010.05.31 11:46 B D:\Nueva carpeta\AppServ\www\bremen\admin\functions\index.php --> beta.serv.net.mx /bremen/admin/functions index.php
2010.05.31 11:46 B D:\Nueva carpeta\AppServ\www\bremen\admin\functions\gestion_errores.php --> beta.serv.net.mx /bremen/admin/functions gestion_errores.php
2010.05.31 11:46 B D:\Nueva carpeta\AppServ\www\bremen\admin\functions\config.php --> beta.serv.net.mx /bremen/admin/functions config.php
2010.05.31 11:46 B D:\Nueva carpeta\AppServ\www\bremen\admin\functions\conect.php --> beta.serv.net.mx /bremen/admin/functions conect.php
2010.05.31 11:46 B D:\Nueva carpeta\AppServ\www\bremen\admin\functions\WS_FTP.LOG --> beta.serv.net.mx /bremen/admin/functions WS_FTP.LOG
2010.05.31 12:15 B D:\Nueva carpeta\AppServ\www\bremen\admin\functions\config.php --> beta.serv.net.mx /bremen/admin/functions config.php
2010.05.31 12:16 B D:\Nueva carpeta\AppServ\www\bremen\admin\functions\config.php --> beta.serv.net.mx /bremen/admin/functions config.php
2010.05.31 12:17 B D:\Nueva carpeta\AppServ\www\bremen\admin\functions\config.php --> beta.serv.net.mx /bremen/admin/functions config.php
2010.05.31 12:33 B D:\Nueva carpeta\AppServ\www\bremen\admin\functions\conect.php --> beta.serv.net.mx /bremen/admin/functions conect.php
2010.06.08 15:45 B D:\Nueva carpeta\AppServ\www\bremen\admin\functions\gestion_errores.php --> beta.serv.net.mx /bremen/admin/functions gestion_errores.php
2010.06.08 15:54 B D:\Nueva carpeta\AppServ\www\bremen\admin\functions\gestion_errores.php --> beta.serv.net.mx /bremen/admin/functions gestion_errores.php
2010.06.08 17:36 B D:\Nueva carpeta\AppServ\www\bremen\admin\functions\gestion_errores.php --> beta.serv.net.mx /bremen/admin/functions gestion_errores.php
2010.07.09 19:15 B D:\Nueva carpeta\AppServ\www\bremen\admin\functions\gestion_errores.php --> beta.serv.net.mx /bremen/admin/functions gestion_errores.php
2010.07.13 17:17 B D:\Nueva carpeta\AppServ\www\bremen\admin\functions\conect.php <-- www.podercomercial.com.mx /public_html/admin/functions conect.php
2010.07.13 17:17 B D:\Nueva carpeta\AppServ\www\bremen\admin\functions\config.php <-- www.podercomercial.com.mx /public_html/admin/functions config.php
2010.07.15 15:23 B D:\Nueva carpeta\AppServ\www\bremen\admin\functions\gestion_errores.php <-- beta.serv.net.mx /bremen/admin/functions gestion_errores.php
2010.07.15 15:23 B D:\Nueva carpeta\AppServ\www\bremen\admin\functions\index.php <-- beta.serv.net.mx /bremen/admin/functions index.php
2010.07.15 17:19 B D:\Nueva carpeta\AppServ\www\bremen\admin\functions\conect.php <-- beta.serv.net.mx /bremen/admin/functions conect.php
2010.07.15 17:19 B D:\Nueva carpeta\AppServ\www\bremen\admin\functions\config.php <-- beta.serv.net.mx /bremen/admin/functions config.php
2010.07.15 17:19 B D:\Nueva carpeta\AppServ\www\bremen\admin\functions\gestion_errores.php <-- beta.serv.net.mx /bremen/admin/functions gestion_errores.php
2010.07.15 17:19 B D:\Nueva carpeta\AppServ\www\bremen\admin\functions\index.php <-- beta.serv.net.mx /bremen/admin/functions index.php
2010.07.15 17:23 B D:\Nueva carpeta\AppServ\www\bremen\admin\functions\conect.php --> www.bremen.com.mx /admin/functions conect.php
2010.07.15 17:23 B D:\Nueva carpeta\AppServ\www\bremen\admin\functions\config.php --> www.bremen.com.mx /admin/functions config.php
2010.07.15 17:23 B D:\Nueva carpeta\AppServ\www\bremen\admin\functions\WS_FTP.LOG --> www.bremen.com.mx /admin/functions WS_FTP.LOG
2010.07.15 17:23 B D:\Nueva carpeta\AppServ\www\bremen\admin\functions\gestion_errores.php --> www.bremen.com.mx /admin/functions gestion_errores.php
2010.07.15 17:23 B D:\Nueva carpeta\AppServ\www\bremen\admin\functions\index.php --> www.bremen.com.mx /admin/functions index.php
2010.07.16 10:57 B D:\Nueva carpeta\AppServ\www\bremen\admin\functions\config.php --> www.bremen.com.mx /admin/functions config.php
2010.07.16 13:23 B D:\Nueva carpeta\AppServ\www\bremen\admin\functions\config.php --> www.bremen.com.mx /admin/functions config.php
2010.07.16 13:26 B D:\Nueva carpeta\AppServ\www\bremen\admin\functions\config.php --> www.bremen.com.mx /admin/functions config.php
2010.07.16 14:08 B D:\Nueva carpeta\AppServ\www\bremen\admin\functions\config.php --> www.bremen.com.mx /admin/functions config.php
2010.09.28 18:44 B F:\Nueva carpeta\AppServ\www\bremen\admin\functions\config.php <-- bremen /admin/functions config.php
2010.09.28 18:46 B F:\Nueva carpeta\AppServ\www\bremen\admin\functions\config.php --> www.bremen.com.mx /admin/functions config.php
2010.09.28 18:46 B F:\Nueva carpeta\AppServ\www\bremen\admin\functions\config.php --> www.bremen.com.mx /admin/functions config.php
2011.01.26 12:57 B F:\Nueva carpeta\AppServ\www\mifact\admin\functions\conect.php --> beta.serv.net.mx /mifact/admin/functions conect.php
2011.01.26 12:57 B F:\Nueva carpeta\AppServ\www\mifact\admin\functions\config.php --> beta.serv.net.mx /mifact/admin/functions config.php
2011.01.26 12:57 B F:\Nueva carpeta\AppServ\www\mifact\admin\functions\index.php --> beta.serv.net.mx /mifact/admin/functions index.php
2011.01.26 12:57 B F:\Nueva carpeta\AppServ\www\mifact\admin\functions\gestion_errores.php --> beta.serv.net.mx /mifact/admin/functions gestion_errores.php
2011.08.19 17:25 B C:\AppServ\www\apheros\admin\functions\WS_FTP.LOG <-- beta /mifact/admin/functions WS_FTP.LOG
2011.08.20 19:47 B C:\AppServ\www\apheros\admin\functions\class.phpmailer.php --> www.lauragamron.com /public_html/spheros/admin/functions class.phpmailer.php
2011.08.20 19:47 B C:\AppServ\www\apheros\admin\functions\class.smtp.php --> www.lauragamron.com /public_html/spheros/admin/functions class.smtp.php
2011.08.20 19:47 B C:\AppServ\www\apheros\admin\functions\conect.php --> www.lauragamron.com /public_html/spheros/admin/functions conect.php
2011.08.20 19:47 B C:\AppServ\www\apheros\admin\functions\config.php --> www.lauragamron.com /public_html/spheros/admin/functions config.php
2011.08.20 19:47 B C:\AppServ\www\apheros\admin\functions\gestion_errores.php --> www.lauragamron.com /public_html/spheros/admin/functions gestion_errores.php
2011.08.20 19:47 B C:\AppServ\www\apheros\admin\functions\index.php --> www.lauragamron.com /public_html/spheros/admin/functions index.php
