2009.06.16 11:58 B D:\Nueva carpeta\AppServ\www\syd\web\Excel\reader.php --> web02.serv.net.mx /Excel reader.php
2009.06.16 11:58 B D:\Nueva carpeta\AppServ\www\syd\web\Excel\oleread.inc --> web02.serv.net.mx /Excel oleread.inc
2009.06.17 14:07 B D:\Nueva carpeta\AppServ\www\syd\web\admin\Excel\WS_FTP.LOG --> beta.serv.net.mx /syd/admin/Excel WS_FTP.LOG
2009.06.17 14:07 B D:\Nueva carpeta\AppServ\www\syd\web\admin\Excel\reader.php --> beta.serv.net.mx /syd/admin/Excel reader.php
2009.06.17 14:07 B D:\Nueva carpeta\AppServ\www\syd\web\admin\Excel\oleread.inc --> beta.serv.net.mx /syd/admin/Excel oleread.inc
2009.06.17 15:55 B D:\Nueva carpeta\AppServ\www\syd\web\admin\Excel\oleread.inc --> beta.serv.net.mx /syd/admin/Excel oleread.inc
2009.06.17 15:55 B D:\Nueva carpeta\AppServ\www\syd\web\admin\Excel\oleread.inc --> beta.serv.net.mx /syd/admin/Excel oleread.inc
2009.06.17 15:57 B D:\Nueva carpeta\AppServ\www\syd\web\admin\Excel\oleread.inc --> beta.serv.net.mx /syd/admin/Excel oleread.inc
2009.06.17 15:59 B D:\Nueva carpeta\AppServ\www\syd\web\admin\Excel\oleread.inc --> beta.serv.net.mx /syd/admin/Excel oleread.inc
2009.09.24 16:06 B D:\Nueva carpeta\AppServ\www\poder2\web\admin\Excel\WS_FTP.LOG --> 200.57.70.19 /poder/admin/Excel WS_FTP.LOG
2009.09.24 16:06 B D:\Nueva carpeta\AppServ\www\poder2\web\admin\Excel\oleread.inc --> 200.57.70.19 /poder/admin/Excel oleread.inc
2009.09.24 16:06 B D:\Nueva carpeta\AppServ\www\poder2\web\admin\Excel\reader.php --> 200.57.70.19 /poder/admin/Excel reader.php
2009.09.25 12:54 B D:\Nueva carpeta\AppServ\www\poder2\web\admin\Excel\reader.php --> 200.57.70.19 /poder/admin/Excel reader.php
2009.10.19 13:51 B D:\Nueva carpeta\AppServ\www\poder2\web\admin\Excel\reader.php --> 200.57.70.19 /poder/admin/Excel reader.php
2009.10.19 13:52 B D:\Nueva carpeta\AppServ\www\poder2\web\admin\Excel\reader.php --> 200.57.70.19 /poder/admin/Excel reader.php
2009.11.24 15:52 A D:\Nueva carpeta\AppServ\www\poder2\web\admin\Excel\WS_FTP.LOG --> beta.serv.net.mx /blancos/admin/Excel WS_FTP.LOG
2009.11.24 15:52 A D:\Nueva carpeta\AppServ\www\poder2\web\admin\Excel\reader.php --> beta.serv.net.mx /blancos/admin/Excel reader.php
2009.11.24 15:52 A D:\Nueva carpeta\AppServ\www\poder2\web\admin\Excel\oleread.inc --> beta.serv.net.mx /blancos/admin/Excel oleread.inc
2009.12.07 16:51 B D:\Nueva carpeta\AppServ\www\cyl\admin\Excel\WS_FTP.LOG --> beta.serv.net.mx /cyl/admin/Excel WS_FTP.LOG
2009.12.07 16:51 B D:\Nueva carpeta\AppServ\www\cyl\admin\Excel\reader.php --> beta.serv.net.mx /cyl/admin/Excel reader.php
2009.12.07 16:51 B D:\Nueva carpeta\AppServ\www\cyl\admin\Excel\oleread.inc --> beta.serv.net.mx /cyl/admin/Excel oleread.inc
2010.02.03 18:05 B D:\Nueva carpeta\AppServ\www\atencion2\admin\Excel\WS_FTP.LOG <-- beta.serv.net.mx /atencion/admin/Excel WS_FTP.LOG
2010.02.05 13:04 B D:\Nueva carpeta\AppServ\www\atencion2\admin\Excel\WS_FTP.LOG --> www.atencion.com.mx /public_html/admin/Excel WS_FTP.LOG
2010.02.05 13:04 B D:\Nueva carpeta\AppServ\www\atencion2\admin\Excel\reader.php --> www.atencion.com.mx /public_html/admin/Excel reader.php
2010.02.05 13:04 B D:\Nueva carpeta\AppServ\www\atencion2\admin\Excel\oleread.inc --> www.atencion.com.mx /public_html/admin/Excel oleread.inc
2010.07.15 15:16 B D:\Nueva carpeta\AppServ\www\bremen\admin\Excel\WS_FTP.LOG <-- beta.serv.net.mx /bremen/admin/Excel WS_FTP.LOG
2010.07.15 17:42 B D:\Nueva carpeta\AppServ\www\bremen\admin\Excel\WS_FTP.LOG --> www.bremen.com.mx /admin/Excel WS_FTP.LOG
2010.07.15 17:42 B D:\Nueva carpeta\AppServ\www\bremen\admin\Excel\reader.php --> www.bremen.com.mx /admin/Excel reader.php
2010.07.15 17:42 B D:\Nueva carpeta\AppServ\www\bremen\admin\Excel\oleread.inc --> www.bremen.com.mx /admin/Excel oleread.inc
2011.08.19 17:22 B C:\AppServ\www\apheros\admin\Excel\WS_FTP.LOG <-- beta /mifact/admin/Excel WS_FTP.LOG
2011.08.20 19:41 B C:\AppServ\www\apheros\admin\Excel\oleread.inc --> www.lauragamron.com /public_html/spheros/admin/Excel oleread.inc
2011.08.20 19:41 B C:\AppServ\www\apheros\admin\Excel\reader.php --> www.lauragamron.com /public_html/spheros/admin/Excel reader.php
